0 info it worked if it ends with ok
1 verbose cli [ 'node', '/usr/local/bin/npm', 'uninstall', '-g', 'grunt' ]
2 info using npm@1.3.22
3 info using node@v0.10.24
4 info /usr/local/lib/node_modules/grunt unbuild
5 info preuninstall grunt@0.4.2
6 info uninstall grunt@0.4.2
7 verbose true,/usr/local/lib/node_modules,/usr/local/lib/node_modules unbuild grunt@0.4.2
8 info postuninstall grunt@0.4.2
9 error Error: EACCES, unlink '/usr/local/lib/node_modules/grunt'
9 error  { [Error: EACCES, unlink '/usr/local/lib/node_modules/grunt']
9 error   errno: 3,
9 error   code: 'EACCES',
9 error   path: '/usr/local/lib/node_modules/grunt' }
10 error Please try running this command again as root/Administrator.
11 error System Darwin 13.0.0
12 error command "node" "/usr/local/bin/npm" "uninstall" "-g" "grunt"
13 error cwd /Users/patrickcauley/Dropbox/Work/CNC/cncv2
14 error node -v v0.10.24
15 error npm -v 1.3.22
16 error path /usr/local/lib/node_modules/grunt
17 error code EACCES
18 error errno 3
19 error stack Error: EACCES, unlink '/usr/local/lib/node_modules/grunt'
20 verbose exit [ 3, true ]
